<?xml version="1.0" encoding="UTF-8"?>
<testng-results ignored="0" total="3" passed="3" failed="0" skipped="0">
  <reporter-output>
  </reporter-output>
  <suite started-at="2024-12-27T11:54:51 IST" name="Default suite" finished-at="2024-12-27T11:55:10 IST" duration-ms="18546">
    <groups>
    </groups>
    <test started-at="2024-12-27T11:54:51 IST" name="Default test" finished-at="2024-12-27T11:55:10 IST" duration-ms="18546">
      <class name="ParallelTesting.TestGuru99MultipleSession">
        <test-method signature="executeSessionOne()[pri:1, instance:ParallelTesting.TestGuru99MultipleSession@4c371370]" started-at="2024-12-27T11:54:51 IST" name="executeSessionOne" finished-at="2024-12-27T11:54:56 IST" duration-ms="4836" status="PASS">
          <reporter-output>
          </reporter-output>
        </test-method> <!-- executeSessionOne -->
        <test-method signature="executeSessionTwo()[pri:2, instance:ParallelTesting.TestGuru99MultipleSession@4c371370]" started-at="2024-12-27T11:54:56 IST" name="executeSessionTwo" finished-at="2024-12-27T11:55:03 IST" duration-ms="6681" status="PASS">
          <reporter-output>
          </reporter-output>
        </test-method> <!-- executeSessionTwo -->
        <test-method signature="executeSessionThree()[pri:3, instance:ParallelTesting.TestGuru99MultipleSession@4c371370]" started-at="2024-12-27T11:55:03 IST" name="executeSessionThree" finished-at="2024-12-27T11:55:10 IST" duration-ms="6988" status="PASS">
          <reporter-output>
          </reporter-output>
        </test-method> <!-- executeSessionThree -->
      </class> <!-- ParallelTesting.TestGuru99MultipleSession -->
    </test> <!-- Default test -->
  </suite> <!-- Default suite -->
</testng-results>
