<?xml version="1.0" encoding="UTF-8"?>
<testng-results ignored="0" total="2" passed="2" failed="0" skipped="0">
  <reporter-output>
  </reporter-output>
  <suite started-at="2024-12-11T11:37:20 IST" name="Default suite" finished-at="2024-12-11T11:37:29 IST" duration-ms="8801">
    <groups>
    </groups>
    <test started-at="2024-12-11T11:37:20 IST" name="Default test" finished-at="2024-12-11T11:37:29 IST" duration-ms="8801">
      <class name="PageObjectModelTests.LoginTest">
        <test-method is-config="true" signature="Setup()[pri:0, instance:PageObjectModelTests.LoginTest@4afcd809]" started-at="2024-12-11T11:37:20 IST" name="Setup" finished-at="2024-12-11T11:37:28 IST" duration-ms="7475" status="PASS">
          <reporter-output>
          </reporter-output>
        </test-method> <!-- Setup -->
        <test-method signature="Header()[pri:1, instance:PageObjectModelTests.LoginTest@4afcd809]" started-at="2024-12-11T11:37:28 IST" name="Header" finished-at="2024-12-11T11:37:28 IST" duration-ms="45" status="PASS">
          <reporter-output>
          </reporter-output>
        </test-method> <!-- Header -->
        <test-method signature="Login()[pri:2, instance:PageObjectModelTests.LoginTest@4afcd809]" started-at="2024-12-11T11:37:28 IST" name="Login" finished-at="2024-12-11T11:37:29 IST" duration-ms="1077" status="PASS">
          <reporter-output>
          </reporter-output>
        </test-method> <!-- Login -->
        <test-method is-config="true" signature="CloseApp()[pri:0, instance:PageObjectModelTests.LoginTest@4afcd809]" started-at="2024-12-11T11:37:29 IST" name="CloseApp" finished-at="2024-12-11T11:37:29 IST" duration-ms="169" status="PASS">
          <reporter-output>
          </reporter-output>
        </test-method> <!-- CloseApp -->
      </class> <!-- PageObjectModelTests.LoginTest -->
    </test> <!-- Default test -->
  </suite> <!-- Default suite -->
</testng-results>
