<?xml version="1.0" encoding="UTF-8"?>
<!-- Generated by org.testng.reporters.JUnitXMLReporter -->
<testsuite ignored="0" hostname="SUMIT-GOUR" failures="0" tests="3" name="Default test" time="18.546" errors="0" timestamp="2024-12-27T11:55:10 IST">
  <testcase classname="ParallelTesting.TestGuru99MultipleSession" name="executeSessionOne" time="4.836"/>
  <testcase classname="ParallelTesting.TestGuru99MultipleSession" name="executeSessionTwo" time="6.681"/>
  <testcase classname="ParallelTesting.TestGuru99MultipleSession" name="executeSessionThree" time="6.988"/>
</testsuite> <!-- Default test -->
