<?xml version="1.0" encoding="UTF-8"?>
<!-- Generated by org.testng.reporters.JUnitXMLReporter -->
<testsuite ignored="3" hostname="SUMIT-GOUR" failures="0" tests="1" name="Test" time="0.049" errors="0" timestamp="2024-12-07T11:27:13 IST">
  <testcase classname="TestNG.Groups" name="Search" time="0.01"/>
  <testcase classname="TestNG.Groups" name="CloseApp" time="0.0">
    <ignored/>
  </testcase> <!-- CloseApp -->
  <testcase classname="TestNG.Groups" name="OpenApp" time="0.0">
    <ignored/>
  </testcase> <!-- OpenApp -->
  <testcase classname="TestNG.Groups" name="Login" time="0.0">
    <ignored/>
  </testcase> <!-- Login -->
</testsuite> <!-- Test -->
